#
# There is insufficient memory for the Java Runtime Environment to continue.
# Native memory allocation (malloc) failed to allocate 65552 bytes for Chunk::new
# Possible reasons:
#   The system is out of physical RAM or swap space
#   The process is running with CompressedOops enabled, and the Java Heap may be blocking the growth of the native heap
# Possible solutions:
#   Reduce memory load on the system
#   Increase physical memory or swap space
#   Check if swap backing store is full
#   Decrease Java heap size (-Xmx/-Xms)
#   Decrease number of Java threads
#   Decrease Java thread stack sizes (-Xss)
#   Set larger code cache with -XX:ReservedCodeCacheSize=
#   JVM is running with Unscaled Compressed Oops mode in which the Java heap is
#     placed in the first 4GB address space. The Java Heap base address is the
#     maximum limit for the native heap growth. Please use -XX:HeapBaseMinAddress
#     to set the Java Heap base and to place the Java Heap above 4GB virtual address.
# This output file may be truncated or incomplete.
#
#  Out of Memory Error (allocation.cpp:389), pid=28540, tid=0x00000000000082fc
#
# JRE version: Java(TM) SE Runtime Environment (8.0_202-b08) (build 1.8.0_202-b08)
# Java VM: Java HotSpot(TM) 64-Bit Server VM (25.202-b08 mixed mode windows-amd64 compressed oops)
# Failed to write core dump. Minidumps are not enabled by default on client versions of Windows
#

---------------  T H R E A D  ---------------

Current thread (0x0000000019709800):  JavaThread "C2 CompilerThread0" daemon [_thread_in_native, id=33532, stack(0x0000000019fd0000,0x000000001a0d0000)]

Stack: [0x0000000019fd0000,0x000000001a0d0000]
[error occurred during error reporting (printing stack bounds), id 0xc0000005]

Native frames: (J=compiled Java code, j=interpreted, Vv=VM code, C=native code)


Current CompileTask:
C2:  15325 2280       4       java.lang.invoke.MethodType::makeImpl (66 bytes)


---------------  P R O C E S S  ---------------

Java Threads: ( => current thread )
  0x000000001f899800 JavaThread "AsyncHttpClient-1-3" daemon [_thread_in_native, id=24088, stack(0x000000001fed0000,0x000000001ffd0000)]
  0x000000001f899000 JavaThread "Exec Stream Pumper" daemon [_thread_in_native, id=33668, stack(0x000000001ebd0000,0x000000001ecd0000)]
  0x000000001f898000 JavaThread "Exec Stream Pumper" daemon [_thread_in_native, id=33472, stack(0x000000001e7b0000,0x000000001e8b0000)]
  0x000000001f896800 JavaThread "Driver Service Executor" daemon [_thread_blocked, id=32336, stack(0x000000001e6b0000,0x000000001e7b0000)]
  0x000000001f897800 JavaThread "Driver Service Executor" daemon [_thread_blocked, id=30864, stack(0x000000001e5b0000,0x000000001e6b0000)]
  0x000000001f896000 JavaThread "Exec Default Executor" daemon [_thread_in_native, id=30944, stack(0x000000001e4b0000,0x000000001e5b0000)]
  0x000000001bd90800 JavaThread "AsyncHttpClient-1-2" daemon [_thread_in_native, id=32948, stack(0x00000000203d0000,0x00000000204d0000)]
  0x000000001bc67000 JavaThread "UrlChecker-2" daemon [_thread_blocked, id=32108, stack(0x000000001e8d0000,0x000000001e9d0000)]
  0x000000001b947800 JavaThread "AsyncHttpClient-1-1" daemon [_thread_blocked, id=32764, stack(0x000000001cfe0000,0x000000001d0e0000)]
  0x000000001b31c800 JavaThread "ForkJoinPool.commonPool-worker-1" daemon [_thread_blocked, id=33700, stack(0x000000001cce0000,0x000000001cde0000)]
  0x000000001b0ee800 JavaThread "ReaderThread" [_thread_in_native, id=29516, stack(0x000000001c1e0000,0x000000001c2e0000)]
  0x00000000178ee800 JavaThread "Service Thread" daemon [_thread_blocked, id=17028, stack(0x000000001a3d0000,0x000000001a4d0000)]
  0x00000000178ec800 JavaThread "C1 CompilerThread3" daemon [_thread_blocked, id=31728, stack(0x000000001a2d0000,0x000000001a3d0000)]
  0x0000000019712000 JavaThread "C2 CompilerThread2" daemon [_thread_blocked, id=30276, stack(0x000000001a1d0000,0x000000001a2d0000)]
  0x000000001970e000 JavaThread "C2 CompilerThread1" daemon [_thread_blocked, id=20904, stack(0x000000001a0d0000,0x000000001a1d0000)]
=>0x0000000019709800 JavaThread "C2 CompilerThread0" daemon [_thread_in_native, id=33532, stack(0x0000000019fd0000,0x000000001a0d0000)]
  0x0000000019707000 JavaThread "Attach Listener" daemon [_thread_blocked, id=33340, stack(0x0000000019ed0000,0x0000000019fd0000)]
  0x0000000019706000 JavaThread "Signal Dispatcher" daemon [_thread_blocked, id=22692, stack(0x0000000019dd0000,0x0000000019ed0000)]
  0x00000000196f1800 JavaThread "Finalizer" daemon [_thread_blocked, id=8456, stack(0x0000000019bd0000,0x0000000019cd0000)]
  0x00000000196f0800 JavaThread "Reference Handler" daemon [_thread_blocked, id=19652, stack(0x0000000019ad0000,0x0000000019bd0000)]
  0x0000000002a28800 JavaThread "Forwarding newSession on session null to remote" [_thread_in_vm, id=8448, stack(0x00000000028e0000,0x00000000029e0000)]

Other Threads:
  0x00000000178d9800 VMThread [stack: 0x00000000195d0000,0x00000000196d0000] [id=33336]
  0x00000000197ea800 WatcherThread [stack: 0x000000001a4d0000,0x000000001a5d0000] [id=33328]

VM state:not at safepoint (normal execution)

VM Mutex/Monitor currently owned by a thread: None

heap address: 0x0000000084a00000, size: 1974 MB, Compressed Oops mode: 32-bit
Narrow klass base: 0x0000000000000000, Narrow klass shift: 3
Compressed class space size: 1073741824 Address: 0x0000000100000000

Heap:
 PSYoungGen      total 125952K, used 34283K [0x00000000d6e00000, 0x00000000dfa00000, 0x0000000100000000)
  eden space 117760K, 22% used [0x00000000d6e00000,0x00000000d877ba50,0x00000000de100000)
  from space 8192K, 99% used [0x00000000df200000,0x00000000df9ff308,0x00000000dfa00000)
  to   space 9216K, 0% used [0x00000000de800000,0x00000000de800000,0x00000000df100000)
 ParOldGen       total 44544K, used 6204K [0x0000000084a00000, 0x0000000087580000, 0x00000000d6e00000)
  object space 44544K, 13% used [0x0000000084a00000,0x000000008500f1d8,0x0000000087580000)
 Metaspace       used 30421K, capacity 32178K, committed 32384K, reserved 1077248K
  class space    used 4050K, capacity 4447K, committed 4480K, reserved 1048576K

Card table byte_map: [0x0000000011ee0000,0x00000000122c0000] byte_map_base: 0x0000000011abb000

Marking Bits: (ParMarkBitMap*) 0x0000000064d65ce0
 Begin Bits: [0x0000000012d60000, 0x0000000014c38000)
 End Bits:   [0x0000000014c38000, 0x0000000016b10000)

Polling page: 0x0000000000b40000

CodeCache: size=245760Kb used=7934Kb max_used=7936Kb free=237825Kb
 bounds [0x0000000002b20000, 0x00000000032f0000, 0x0000000011b20000]
 total_blobs=2817 nmethods=2285 adapters=444
 compilation: enabled

Compilation events (10 events):
Event: 15.317 Thread 0x00000000178ec800 nmethod 2281 0x00000000032e2710 code [0x00000000032e28c0, 0x00000000032e2d70]
Event: 15.317 Thread 0x00000000178ec800 2284       3       java.lang.StringBuilder::append (6 bytes)
Event: 15.317 Thread 0x00000000178ec800 nmethod 2284 0x00000000032e2250 code [0x00000000032e23c0, 0x00000000032e2628]
Event: 15.317 Thread 0x00000000178ec800 2283       3       java.util.GregorianCalendar::getWeekNumber (89 bytes)
Event: 15.317 Thread 0x00000000178ec800 nmethod 2283 0x00000000032e1590 code [0x00000000032e1720, 0x00000000032e1e90]
Event: 15.317 Thread 0x00000000178ec800 2282       3       sun.util.locale.LocaleUtils::isAlpha (30 bytes)
Event: 15.318 Thread 0x00000000178ec800 nmethod 2282 0x00000000032e1190 code [0x00000000032e12e0, 0x00000000032e1510]
Event: 15.318 Thread 0x00000000178ec800 2285       3       java.util.function.Predicate$$Lambda$273/324169305::test (13 bytes)
Event: 15.318 Thread 0x00000000178ec800 nmethod 2285 0x00000000032e0a90 code [0x00000000032e0c20, 0x00000000032e1018]
Event: 15.319 Thread 0x00000000178ec800 2286       3       java.lang.ClassLoader::findBootstrapClassOrNull (16 bytes)

GC Heap History (10 events):
Event: 1.847 GC heap before
{Heap before GC invocations=3 (full 0):
 PSYoungGen      total 36864K, used 36860K [0x00000000d6e00000, 0x00000000db600000, 0x0000000100000000)
  eden space 31744K, 100% used [0x00000000d6e00000,0x00000000d8d00000,0x00000000d8d00000)
  from space 5120K, 99% used [0x00000000d9200000,0x00000000d96ff2c8,0x00000000d9700000)
  to   space 5120K, 0% used [0x00000000d8d00000,0x00000000d8d00000,0x00000000d9200000)
 ParOldGen       total 84992K, used 360K [0x0000000084a00000, 0x0000000089d00000, 0x00000000d6e00000)
  object space 84992K, 0% used [0x0000000084a00000,0x0000000084a5a360,0x0000000089d00000)
 Metaspace       used 17367K, capacity 18312K, committed 18560K, reserved 1064960K
  class space    used 2205K, capacity 2430K, committed 2432K, reserved 1048576K
Event: 1.851 GC heap after
Heap after GC invocations=3 (full 0):
 PSYoungGen      total 36864K, used 5112K [0x00000000d6e00000, 0x00000000db600000, 0x0000000100000000)
  eden space 31744K, 0% used [0x00000000d6e00000,0x00000000d6e00000,0x00000000d8d00000)
  from space 5120K, 99% used [0x00000000d8d00000,0x00000000d91fe138,0x00000000d9200000)
  to   space 5120K, 0% used [0x00000000db100000,0x00000000db100000,0x00000000db600000)
 ParOldGen       total 84992K, used 1363K [0x0000000084a00000, 0x0000000089d00000, 0x00000000d6e00000)
  object space 84992K, 1% used [0x0000000084a00000,0x0000000084b54dc8,0x0000000089d00000)
 Metaspace       used 17367K, capacity 18312K, committed 18560K, reserved 1064960K
  class space    used 2205K, capacity 2430K, committed 2432K, reserved 1048576K
}
Event: 2.151 GC heap before
{Heap before GC invocations=4 (full 0):
 PSYoungGen      total 36864K, used 36856K [0x00000000d6e00000, 0x00000000db600000, 0x0000000100000000)
  eden space 31744K, 100% used [0x00000000d6e00000,0x00000000d8d00000,0x00000000d8d00000)
  from space 5120K, 99% used [0x00000000d8d00000,0x00000000d91fe138,0x00000000d9200000)
  to   space 5120K, 0% used [0x00000000db100000,0x00000000db100000,0x00000000db600000)
 ParOldGen       total 84992K, used 1363K [0x0000000084a00000, 0x0000000089d00000, 0x00000000d6e00000)
  object space 84992K, 1% used [0x0000000084a00000,0x0000000084b54dc8,0x0000000089d00000)
 Metaspace       used 19991K, capacity 21096K, committed 21296K, reserved 1067008K
  class space    used 2598K, capacity 2848K, committed 2944K, reserved 1048576K
Event: 2.157 GC heap after
Heap after GC invocations=4 (full 0):
 PSYoungGen      total 68608K, used 5103K [0x00000000d6e00000, 0x00000000db600000, 0x0000000100000000)
  eden space 63488K, 0% used [0x00000000d6e00000,0x00000000d6e00000,0x00000000dac00000)
  from space 5120K, 99% used [0x00000000db100000,0x00000000db5fbf18,0x00000000db600000)
  to   space 5120K, 0% used [0x00000000dac00000,0x00000000dac00000,0x00000000db100000)
 ParOldGen       total 84992K, used 4066K [0x0000000084a00000, 0x0000000089d00000, 0x00000000d6e00000)
  object space 84992K, 4% used [0x0000000084a00000,0x0000000084df8940,0x0000000089d00000)
 Metaspace       used 19991K, capacity 21096K, committed 21296K, reserved 1067008K
  class space    used 2598K, capacity 2848K, committed 2944K, reserved 1048576K
}
Event: 2.168 GC heap before
{Heap before GC invocations=5 (full 0):
 PSYoungGen      total 68608K, used 6350K [0x00000000d6e00000, 0x00000000db600000, 0x0000000100000000)
  eden space 63488K, 1% used [0x00000000d6e00000,0x00000000d6f37c98,0x00000000dac00000)
  from space 5120K, 99% used [0x00000000db100000,0x00000000db5fbf18,0x00000000db600000)
  to   space 5120K, 0% used [0x00000000dac00000,0x00000000dac00000,0x00000000db100000)
 ParOldGen       total 84992K, used 4066K [0x0000000084a00000, 0x0000000089d00000, 0x00000000d6e00000)
  object space 84992K, 4% used [0x0000000084a00000,0x0000000084df8940,0x0000000089d00000)
 Metaspace       used 20117K, capacity 21166K, committed 21296K, reserved 1067008K
  class space    used 2609K, capacity 2849K, committed 2944K, reserved 1048576K
Event: 2.173 GC heap after
Heap after GC invocations=5 (full 0):
 PSYoungGen      total 68608K, used 5103K [0x00000000d6e00000, 0x00000000dfa00000, 0x0000000100000000)
  eden space 63488K, 0% used [0x00000000d6e00000,0x00000000d6e00000,0x00000000dac00000)
  from space 5120K, 99% used [0x00000000dac00000,0x00000000db0fbf18,0x00000000db100000)
  to   space 8192K, 0% used [0x00000000df200000,0x00000000df200000,0x00000000dfa00000)
 ParOldGen       total 84992K, used 4200K [0x0000000084a00000, 0x0000000089d00000, 0x00000000d6e00000)
  object space 84992K, 4% used [0x0000000084a00000,0x0000000084e1a300,0x0000000089d00000)
 Metaspace       used 20117K, capacity 21166K, committed 21296K, reserved 1067008K
  class space    used 2609K, capacity 2849K, committed 2944K, reserved 1048576K
}
Event: 2.173 GC heap before
{Heap before GC invocations=6 (full 1):
 PSYoungGen      total 68608K, used 5103K [0x00000000d6e00000, 0x00000000dfa00000, 0x0000000100000000)
  eden space 63488K, 0% used [0x00000000d6e00000,0x00000000d6e00000,0x00000000dac00000)
  from space 5120K, 99% used [0x00000000dac00000,0x00000000db0fbf18,0x00000000db100000)
  to   space 8192K, 0% used [0x00000000df200000,0x00000000df200000,0x00000000dfa00000)
 ParOldGen       total 84992K, used 4200K [0x0000000084a00000, 0x0000000089d00000, 0x00000000d6e00000)
  object space 84992K, 4% used [0x0000000084a00000,0x0000000084e1a300,0x0000000089d00000)
 Metaspace       used 20117K, capacity 21166K, committed 21296K, reserved 1067008K
  class space    used 2609K, capacity 2849K, committed 2944K, reserved 1048576K
Event: 2.198 GC heap after
Heap after GC invocations=6 (full 1):
 PSYoungGen      total 68608K, used 0K [0x00000000d6e00000, 0x00000000dfa00000, 0x0000000100000000)
  eden space 63488K, 0% used [0x00000000d6e00000,0x00000000d6e00000,0x00000000dac00000)
  from space 5120K, 0% used [0x00000000dac00000,0x00000000dac00000,0x00000000db100000)
  to   space 8192K, 0% used [0x00000000df200000,0x00000000df200000,0x00000000dfa00000)
 ParOldGen       total 44544K, used 5569K [0x0000000084a00000, 0x0000000087580000, 0x00000000d6e00000)
  object space 44544K, 12% used [0x0000000084a00000,0x0000000084f70750,0x0000000087580000)
 Metaspace       used 20117K, capacity 21166K, committed 21296K, reserved 1067008K
  class space    used 2609K, capacity 2849K, committed 2944K, reserved 1048576K
}
Event: 4.062 GC heap before
{Heap before GC invocations=7 (full 1):
 PSYoungGen      total 68608K, used 60893K [0x00000000d6e00000, 0x00000000dfa00000, 0x0000000100000000)
  eden space 63488K, 95% used [0x00000000d6e00000,0x00000000da9777f8,0x00000000dac00000)
  from space 5120K, 0% used [0x00000000dac00000,0x00000000dac00000,0x00000000db100000)
  to   space 8192K, 0% used [0x00000000df200000,0x00000000df200000,0x00000000dfa00000)
 ParOldGen       total 44544K, used 5569K [0x0000000084a00000, 0x0000000087580000, 0x00000000d6e00000)
  object space 44544K, 12% used [0x0000000084a00000,0x0000000084f70750,0x0000000087580000)
 Metaspace       used 29284K, capacity 30940K, committed 31232K, reserved 1077248K
  class space    used 3877K, capacity 4270K, committed 4352K, reserved 1048576K
Event: 4.069 GC heap after
Heap after GC invocations=7 (full 1):
 PSYoungGen      total 125952K, used 8188K [0x00000000d6e00000, 0x00000000dfa00000, 0x0000000100000000)
  eden space 117760K, 0% used [0x00000000d6e00000,0x00000000d6e00000,0x00000000de100000)
  from space 8192K, 99% used [0x00000000df200000,0x00000000df9ff308,0x00000000dfa00000)
  to   space 9216K, 0% used [0x00000000de800000,0x00000000de800000,0x00000000df100000)
 ParOldGen       total 44544K, used 6204K [0x0000000084a00000, 0x0000000087580000, 0x00000000d6e00000)
  object space 44544K, 13% used [0x0000000084a00000,0x000000008500f1d8,0x0000000087580000)
 Metaspace       used 29284K, capacity 30940K, committed 31232K, reserved 1077248K
  class space    used 3877K, capacity 4270K, committed 4352K, reserved 1048576K
}

Deoptimization events (10 events):
Event: 2.243 Thread 0x0000000002a28800 Uncommon trap: reason=bimorphic action=maybe_recompile pc=0x0000000003017b8c method=java.util.regex.Pattern$Curly.match(Ljava/util/regex/Matcher;ILjava/lang/CharSequence;)Z @ 19
Event: 2.245 Thread 0x0000000002a28800 Uncommon trap: reason=unstable_if action=reinterpret pc=0x0000000002e4f1b8 method=java.io.WinNTFileSystem.isLetter(C)Z @ 3
Event: 2.299 Thread 0x0000000002a28800 Uncommon trap: reason=unstable_if action=reinterpret pc=0x00000000030c829c method=java.util.jar.JarFile.maybeInstantiateVerifier()V @ 75
Event: 2.350 Thread 0x0000000002a28800 Uncommon trap: reason=unstable_if action=reinterpret pc=0x0000000002f9077c method=java.lang.CharacterDataLatin1.isWhitespace(I)Z @ 14
Event: 2.402 Thread 0x0000000002a28800 Uncommon trap: reason=unstable_if action=reinterpret pc=0x0000000002fa674c method=java.lang.String.regionMatches(ZILjava/lang/String;II)Z @ 123
Event: 2.908 Thread 0x0000000002a28800 Uncommon trap: reason=range_check action=make_not_entrant pc=0x00000000031c8cec method=java.lang.String.charAt(I)C @ 27
Event: 2.909 Thread 0x0000000002a28800 Uncommon trap: reason=unstable_if action=reinterpret pc=0x0000000002cb5570 method=java.lang.String.replace(CC)Ljava/lang/String; @ 2
Event: 2.940 Thread 0x000000001bc67000 Uncommon trap: reason=unstable_if action=reinterpret pc=0x000000000311155c method=java.lang.CharacterDataLatin1.digit(II)I @ 82
Event: 3.465 Thread 0x000000001bc67000 Uncommon trap: reason=unstable_if action=reinterpret pc=0x000000000310a4d4 method=java.lang.CharacterDataLatin1.digit(II)I @ 82
Event: 3.531 Thread 0x0000000002a28800 Uncommon trap: reason=unstable_if action=reinterpret pc=0x000000000321f414 method=jdk.internal.org.objectweb.asm.Type.getArgumentsAndReturnSizes(Ljava/lang/String;)I @ 47

Classes redefined (0 events):
No events

Internal exceptions (10 events):
Event: 2.824 Thread 0x0000000002a28800 Exception <a 'java/lang/NoSuchMethodError': java.lang.Object.lambda$andFinally$1(Lorg/openqa/selenium/remote/http/HttpHandler;Lorg/openqa/selenium/remote/http/HttpRequest;)Lorg/openqa/selenium/remote/http/HttpResponse;> (0x00000000d8b2b968) thrown at [C:\
Event: 3.454 Thread 0x000000001bc67000 Exception <a 'java/net/SocketTimeoutException': connect timed out> (0x00000000d9236198) thrown at [C:\re\workspace\8-2-build-windows-amd64-cygwin\jdk8u202\12323\hotspot\src\share\vm\prims\jni.cpp, line 736]
Event: 3.516 Thread 0x0000000002a28800 Exception <a 'java/lang/NoSuchMethodError': java.lang.Object.lambda$chars$0()Ljava/util/Spliterator$OfInt;> (0x00000000d9611f80) thrown at [C:\re\workspace\8-2-build-windows-amd64-cygwin\jdk8u202\12323\hotspot\src\share\vm\interpreter\linkResolver.cpp, li
Event: 3.555 Thread 0x0000000002a28800 Exception <a 'java/lang/NoSuchMethodError': java.lang.Object.lambda$negate$1(Ljava/lang/Object;)Z> (0x00000000d9853508) thrown at [C:\re\workspace\8-2-build-windows-amd64-cygwin\jdk8u202\12323\hotspot\src\share\vm\interpreter\linkResolver.cpp, line 620]
Event: 6.052 Thread 0x000000001bc67000 Exception <a 'java/net/SocketTimeoutException': connect timed out> (0x00000000d77a2000) thrown at [C:\re\workspace\8-2-build-windows-amd64-cygwin\jdk8u202\12323\hotspot\src\share\vm\prims\jni.cpp, line 736]
Event: 6.058 Thread 0x0000000002a28800 Exception <a 'java/lang/NullPointerException'> (0x00000000d76b1a88) thrown at [C:\re\workspace\8-2-build-windows-amd64-cygwin\jdk8u202\12323\hotspot\src\share\vm\interpreter\linkResolver.cpp, line 1185]
Event: 6.058 Thread 0x0000000002a28800 Exception <a 'java/lang/reflect/InvocationTargetException'> (0x00000000d76b2060) thrown at [C:\re\workspace\8-2-build-windows-amd64-cygwin\jdk8u202\12323\hotspot\src\share\vm\runtime\reflection.cpp, line 1092]
Event: 6.068 Thread 0x0000000002a28800 Exception <a 'java/lang/NoSuchMethodError': java.lang.Object.lambda$maxBy$1(Ljava/util/Comparator;Ljava/lang/Object;Ljava/lang/Object;)Ljava/lang/Object;> (0x00000000d7a8f8e8) thrown at [C:\re\workspace\8-2-build-windows-amd64-cygwin\jdk8u202\12323\hotspo
Event: 6.594 Thread 0x000000001bc67000 Exception <a 'java/net/SocketTimeoutException': connect timed out> (0x00000000d77a34f8) thrown at [C:\re\workspace\8-2-build-windows-amd64-cygwin\jdk8u202\12323\hotspot\src\share\vm\prims\jni.cpp, line 736]
Event: 15.304 Thread 0x0000000002a28800 Exception <a 'java/lang/NoSuchMethodError': java.lang.Object.lambda$getResponseFunction$0(Lorg/openqa/selenium/remote/InitialHandshakeResponse;)Lorg/openqa/selenium/remote/ProtocolHandshake$Result;> (0x00000000d7f0ffd8) thrown at [C:\re\workspace\8-2-buil

Events (10 events):
Event: 15.314 loading class java/util/logging/Formatter done
Event: 15.314 loading class java/util/logging/SimpleFormatter done
Event: 15.314 loading class sun/util/logging/LoggingSupport$2
Event: 15.315 loading class sun/util/logging/LoggingSupport$2 done
Event: 15.315 loading class java/util/Formatter$DateTime
Event: 15.316 loading class java/util/Formatter$DateTime done
Event: 15.317 loading class org/openqa/selenium/remote/codec/w3c/W3CHttpCommandCodec
Event: 15.317 loading class org/openqa/selenium/remote/codec/w3c/W3CHttpCommandCodec done
Event: 15.319 loading class org/openqa/selenium/remote/codec/AbstractHttpCommandCodec
Event: 15.319 loading class org/openqa/selenium/remote/codec/AbstractHttpCommandCodec done


Dynamic libraries:
0x00007ff6f8790000 - 0x00007ff6f87c7000 	C:\Program Files\Java\jdk1.8.0_202\bin\javaw.exe
0x00007fff7b630000 - 0x00007fff7b828000 	C:\Windows\SYSTEM32\ntdll.dll
0x00007fff7a340000 - 0x00007fff7a3fd000 	C:\Windows\System32\KERNEL32.dll
0x00007fff789e0000 - 0x00007fff78aff000 	C:\Windows\system32\hmpalert.dll
0x00007fff79180000 - 0x00007fff7944e000 	C:\Windows\System32\KERNELBASE.dll
0x00007fff7af30000 - 0x00007fff7afde000 	C:\Windows\System32\ADVAPI32.dll
0x00007fff799b0000 - 0x00007fff79a4e000 	C:\Windows\System32\msvcrt.dll
0x00007fff7ae20000 - 0x00007fff7aebc000 	C:\Windows\System32\sechost.dll
0x00007fff796f0000 - 0x00007fff79815000 	C:\Windows\System32\RPCRT4.dll
0x00007fff7afe0000 - 0x00007fff7b180000 	C:\Windows\System32\USER32.dll
0x00007fff78d80000 - 0x00007fff78da2000 	C:\Windows\System32\win32u.dll
0x00007fff7a220000 - 0x00007fff7a24a000 	C:\Windows\System32\GDI32.dll
0x00007fff78ec0000 - 0x00007fff78fcb000 	C:\Windows\System32\gdi32full.dll
0x00007fff78db0000 - 0x00007fff78e4d000 	C:\Windows\System32\msvcp_win.dll
0x00007fff79450000 - 0x00007fff79550000 	C:\Windows\System32\ucrtbase.dll
0x00007fff62d30000 - 0x00007fff62fca000 	C:\Windows\WinSxS\amd64_microsoft.windows.common-controls_6595b64144ccf1df_6.0.19041.1110_none_60b5254171f9507e\COMCTL32.dll
0x00007fff7a420000 - 0x00007fff7a450000 	C:\Windows\System32\IMM32.DLL
0x0000000064df0000 - 0x0000000064ec2000 	C:\Program Files\Java\jdk1.8.0_202\jre\bin\msvcr100.dll
0x0000000064540000 - 0x0000000064de5000 	C:\Program Files\Java\jdk1.8.0_202\jre\bin\server\jvm.dll
0x00007fff7a330000 - 0x00007fff7a338000 	C:\Windows\System32\PSAPI.DLL
0x00007fff6fd80000 - 0x00007fff6fd8a000 	C:\Windows\SYSTEM32\VERSION.dll
0x00007fff5ac70000 - 0x00007fff5ac79000 	C:\Windows\SYSTEM32\WSOCK32.dll
0x00007fff70510000 - 0x00007fff70537000 	C:\Windows\SYSTEM32\WINMM.dll
0x00007fff7aec0000 - 0x00007fff7af2b000 	C:\Windows\System32\WS2_32.dll
0x00007fff6f740000 - 0x00007fff6f74f000 	C:\Program Files\Java\jdk1.8.0_202\jre\bin\verify.dll
0x00007fff6e150000 - 0x00007fff6e179000 	C:\Program Files\Java\jdk1.8.0_202\jre\bin\java.dll
0x00007fff6f6e0000 - 0x00007fff6f6f6000 	C:\Program Files\Java\jdk1.8.0_202\jre\bin\zip.dll
0x00007fff7a6d0000 - 0x00007fff7ae14000 	C:\Windows\System32\SHELL32.dll
0x00007fff76660000 - 0x00007fff76df4000 	C:\Windows\SYSTEM32\windows.storage.dll
0x00007fff79ec0000 - 0x00007fff7a214000 	C:\Windows\System32\combase.dll
0x00007fff78690000 - 0x00007fff786c0000 	C:\Windows\SYSTEM32\Wldp.dll
0x00007fff7a5a0000 - 0x00007fff7a64d000 	C:\Windows\System32\SHCORE.dll
0x00007fff7b590000 - 0x00007fff7b5e5000 	C:\Windows\System32\shlwapi.dll
0x00007fff78c90000 - 0x00007fff78caf000 	C:\Windows\SYSTEM32\profapi.dll
0x00007fff6cf10000 - 0x00007fff6cf2a000 	C:\Program Files\Java\jdk1.8.0_202\jre\bin\net.dll
0x00007fff6ab20000 - 0x00007fff6ad0c000 	C:\Windows\SYSTEM32\urlmon.dll
0x00007fff780d0000 - 0x00007fff780dc000 	C:\Windows\SYSTEM32\netutils.dll
0x00007fff69800000 - 0x00007fff69ab1000 	C:\Windows\SYSTEM32\iertutil.dll
0x00007fff6a240000 - 0x00007fff6a268000 	C:\Windows\SYSTEM32\srvcli.dll
0x00007fff783f0000 - 0x00007fff7845a000 	C:\Windows\system32\mswsock.dll
0x00007fff780e0000 - 0x00007fff781ab000 	C:\Windows\SYSTEM32\DNSAPI.dll
0x00007fff78090000 - 0x00007fff780cb000 	C:\Windows\SYSTEM32\IPHLPAPI.DLL
0x00007fff799a0000 - 0x00007fff799a8000 	C:\Windows\System32\NSI.dll
0x00007fff6d180000 - 0x00007fff6d18a000 	C:\Windows\System32\rasadhlp.dll
0x00007fff6caf0000 - 0x00007fff6cb70000 	C:\Windows\System32\fwpuclnt.dll
0x00007fff78d50000 - 0x00007fff78d77000 	C:\Windows\System32\bcrypt.dll
0x00007fff785e0000 - 0x00007fff785f8000 	C:\Windows\SYSTEM32\CRYPTSP.dll
0x00007fff77bf0000 - 0x00007fff77c24000 	C:\Windows\system32\rsaenh.dll
0x00007fff78c10000 - 0x00007fff78c3e000 	C:\Windows\SYSTEM32\USERENV.dll
0x00007fff79600000 - 0x00007fff79682000 	C:\Windows\System32\bcryptprimitives.dll
0x00007fff78600000 - 0x00007fff7860c000 	C:\Windows\SYSTEM32\CRYPTBASE.dll
0x00007fff6e1b0000 - 0x00007fff6e1c7000 	C:\Windows\SYSTEM32\dhcpcsvc6.DLL
0x00007fff6fd90000 - 0x00007fff6fdad000 	C:\Windows\SYSTEM32\dhcpcsvc.DLL
0x00007fff6aef0000 - 0x00007fff6af02000 	C:\Program Files\Java\jdk1.8.0_202\jre\bin\nio.dll
0x00007fff6a180000 - 0x00007fff6a1a4000 	C:\Program Files\Java\jdk1.8.0_202\jre\bin\sunec.dll
0x00007fff6dc30000 - 0x00007fff6dc3b000 	C:\Program Files\Java\jdk1.8.0_202\jre\bin\sunmscapi.dll
0x00007fff79020000 - 0x00007fff79176000 	C:\Windows\System32\CRYPT32.dll
0x00007fff6cf00000 - 0x00007fff6cf0d000 	C:\Program Files\Java\jdk1.8.0_202\jre\bin\management.dll
0x00007fff488c0000 - 0x00007fff488d7000 	C:\Windows\system32\napinsp.dll
0x00007fff488a0000 - 0x00007fff488bb000 	C:\Windows\system32\pnrpnsp.dll
0x00007fff70d40000 - 0x00007fff70d55000 	C:\Windows\system32\wshbth.dll
0x00007fff71db0000 - 0x00007fff71dcd000 	C:\Windows\system32\NLAapi.dll
0x00007fff48880000 - 0x00007fff48892000 	C:\Windows\System32\winrnr.dll

VM Arguments:
jvm_args: -ea -Dfile.encoding=Cp1252 
java_command: org.testng.remote.RemoteTestNG -serport 58917 -protocol json -d C:\ECLIPSE_WORKSPACE\selenium_Testing\SeleniumTesting-IRCTC\test-output C:\Users\VAISHN~1\AppData\Local\Temp\testng-eclipse-149869245\testng-customsuite.xml
java_class_path (initial): C:\Users\VaishnavPuthiyanampa\eclipse\jee-2021-12\eclipse\configuration\org.eclipse.osgi\1084\0\.cp\lib\testng-remote.jar;C:\ECLIPSE_WORKSPACE\selenium_Testing\SeleniumTesting-IRCTC\target\test-classes;C:\ECLIPSE_WORKSPACE\selenium_Testing\SeleniumTesting-IRCTC\target\classes;C:\Users\VaishnavPuthiyanampa\.m2\repository\junit\junit\4.11\junit-4.11.jar;C:\Users\VaishnavPuthiyanampa\.m2\repository\org\hamcrest\hamcrest-core\1.3\hamcrest-core-1.3.jar;C:\Users\VaishnavPuthiyanampa\.m2\repository\org\seleniumhq\selenium\selenium-java\4.2.2\selenium-java-4.2.2.jar;C:\Users\VaishnavPuthiyanampa\.m2\repository\org\seleniumhq\selenium\selenium-api\4.2.2\selenium-api-4.2.2.jar;C:\Users\VaishnavPuthiyanampa\.m2\repository\org\seleniumhq\selenium\selenium-chrome-driver\4.2.2\selenium-chrome-driver-4.2.2.jar;C:\Users\VaishnavPuthiyanampa\.m2\repository\com\google\auto\service\auto-service-annotations\1.0.1\auto-service-annotations-1.0.1.jar;C:\Users\VaishnavPuthiyanampa\.m2\repository\com\google\auto\service\auto-service\1.0.1\auto-service-1.0.1.jar;C:\Users\VaishnavPuthiyanampa\.m2\repository\com\google\auto\auto-common\1.2\auto-common-1.2.jar;C:\Users\VaishnavPuthiyanampa\.m2\repository\com\google\guava\guava\31.1-jre\guava-31.1-jre.jar;C:\Users\VaishnavPuthiyanampa\.m2\repository\com\google\guava\failureaccess\1.0.1\failureaccess-1.0.1.jar;C:\Users\VaishnavPuthiyanampa\.m2\repository\com\google\guava\listenablefuture\9999.0-empty-to-avoid-conflict-with-guava\listenablefuture-9999.0-empty-to-avoid-conflict-with-guava.jar;C:\Users\VaishnavPuthiyanampa\.m2\repository\org\checkerframework\checker-qual\3.12.0\checker-qual-3.12.0.jar;C:\Users\VaishnavPuthiyanampa\.m2\repository\com\google\errorprone\error_prone_annotations\2.11.0\error_prone_annotations-2.11.0.jar;C:\Users\VaishnavPuthiyanampa\.m2\repository\com\google\j2objc\j2objc-annotations\1.3\j2objc-annotations-1.3.jar;C:\Users\VaishnavPuthiyanampa\.m2\repository\org\seleniumhq\selenium\selenium-c
Launcher Type: SUN_STANDARD

Environment Variables:
PATH=C:/Users/VaishnavPuthiyanampa/.p2/pool/plugins/org.eclipse.justj.openjdk.hotspot.jre.full.win32.x86_64_17.0.2.v20220201-1208/jre/bin/server;C:/Users/VaishnavPuthiyanampa/.p2/pool/plugins/org.eclipse.justj.openjdk.hotspot.jre.full.win32.x86_64_17.0.2.v20220201-1208/jre/bin;C:\Python310\Scripts\;C:\Python310\;C:\app\dbhomeXE\bin;C:\Program Files (x86)\Common Files\Oracle\Java\javapath;C:\Windows\system32;C:\Windows;C:\Windows\System32\Wbem;C:\Windows\System32\WindowsPowerShell\v1.0\;C:\Windows\System32\OpenSSH\;C:\ProgramData\chocolatey\bin;C:\Program Files\nodejs;C:\Program Files\nodejs\;C:\Program Files\Microsoft SQL Server\Client SDK\ODBC\170\Tools\Binn\;C:\Program Files\dotnet\;C:\Program Files (x86)\Microsoft SQL Server\150\DTS\Binn\;C:\Program Files\Azure Data Studio\bin;C:\Program Files (x86)\Microsoft SQL Server\150\Tools\Binn\;C:\Program Files\Microsoft SQL Server\150\Tools\Binn\;C:\Program Files\Microsoft SQL Server\150\DTS\Binn\;C:\Softwares\apache-maven-3.8.6\bin;C:\Users\VaishnavPuthiyanampa\AppData\Local\Microsoft\WindowsApps;C:\Users\VaishnavPuthiyanampa\AppData\Local\Programs\Microsoft VS Code\bin;C:\Users\VaishnavPuthiyanampa\AppData\Roaming\npm;C:\Users\VaishnavPuthiyanampa\.dotnet\tools;C:\Users\VaishnavPuthiyanampa\AppData\Local\Programs\Git\cmd;C:\Users\VaishnavPuthiyanampa\Desktop;
USERNAME=VaishnavPuthiyanampa
OS=Windows_NT
PROCESSOR_IDENTIFIER=Intel64 Family 6 Model 140 Stepping 1, GenuineIntel



---------------  S Y S T E M  ---------------

OS: Windows 10.0 , 64 bit Build 19041 (10.0.19041.1806)

CPU:total 8 (initial active 8) (4 cores per cpu, 2 threads per core) family 6 model 140 stepping 1, cmov, cx8, fxsr, mmx, sse, sse2, sse3, ssse3, sse4.1, sse4.2, popcnt, avx, avx2, aes, clmul, erms, 3dnowpref, lzcnt, ht, tsc, tscinvbit, bmi1, bmi2, adx

Memory: 4k page, physical 8083572k(545300k free), swap 21190772k(20736k free)

vm_info: Java HotSpot(TM) 64-Bit Server VM (25.202-b08) for windows-amd64 JRE (1.8.0_202-b08), built on Dec 15 2018 19:54:30 by "java_re" with MS VC++ 10.0 (VS2010)

time: Thu Aug 04 18:43:29 2022
timezone: India Standard Time
elapsed time: 15 seconds (0d 0h 0m 15s)

